0 info it worked if it ends with ok
1 verbose cli [ '/Users/212474136/.nvm/versions/node/v7.0.0/bin/node',
1 verbose cli   '/Users/212474136/.nvm/versions/node/v7.0.0/bin/npm',
1 verbose cli   'start' ]
2 info using npm@3.10.8
3 info using node@v7.0.0
4 verbose run-script [ 'prestart', 'start', 'poststart' ]
5 info lifecycle myjadeapp@0.0.0~prestart: myjadeapp@0.0.0
6 silly lifecycle myjadeapp@0.0.0~prestart: no script for prestart, continuing
7 info lifecycle myjadeapp@0.0.0~start: myjadeapp@0.0.0
8 verbose lifecycle myjadeapp@0.0.0~start: unsafe-perm in lifecycle true
9 verbose lifecycle myjadeapp@0.0.0~start: PATH: /Users/212474136/.nvm/versions/node/v7.0.0/lib/node_modules/npm/bin/node-gyp-bin:/Users/212474136/Documents/mine/javascript-ref-app/myjadeapp/node_modules/.bin:/Users/212474136/.nvm/versions/node/v7.0.0/bin:/Users/212474136/Documents/ps/install/gcloud/google-cloud-sdk/bin:/Library/Frameworks/Python.framework/Versions/2.7/bin:/opt/chefdk/embedded/bin:/usr/local/bin:/usr/bin:/bin:/usr/sbin:/sbin:/opt/X11/bin:/usr/local/git/bin:/usr/local/go/bin:/Users/212474136/Documents/ps/install/apache-maven-3.3.3/bin:/Users/212474136/Documents/gecode/install/play-2.2.4:/Users/502329397/Documents/install/mobile/apache-ant-1.9.4/bin:/Users/502329397/Documents/install/androidsdk/sdk/tools:/Users/502329397/Documents/install/androidsdk/sdk/platform-tools:/Users/502329397/Documents/install/mongodb-osx-x86_64-2.6.3/bin:/usr/local/mysql/bin:/Users/502329397/Documents/install/activator-1.2.7-minimal:/Library/PostgreSQL/9.4/bin:/Users/212474136/Documents/poc/eventhub/protoc/protoc-3.0.2-osx-x86_64/bin:/Users/212474136/.chefdk/gem/ruby/2.1.0/bin:/Users/212474136/Documents/poc/sbt/bin:/Users/212474136/Documents/poc/scala/scala-2.11.8/bin
10 verbose lifecycle myjadeapp@0.0.0~start: CWD: /Users/212474136/Documents/mine/javascript-ref-app/myjadeapp
11 silly lifecycle myjadeapp@0.0.0~start: Args: [ '-c', 'node ./bin/www' ]
12 silly lifecycle myjadeapp@0.0.0~start: Returned: code: 1  signal: null
13 info lifecycle myjadeapp@0.0.0~start: Failed to exec start script
14 verbose stack Error: myjadeapp@0.0.0 start: `node ./bin/www`
14 verbose stack Exit status 1
14 verbose stack     at EventEmitter.<anonymous> (/Users/212474136/.nvm/versions/node/v7.0.0/lib/node_modules/npm/lib/utils/lifecycle.js:255:16)
14 verbose stack     at emitTwo (events.js:106:13)
14 verbose stack     at EventEmitter.emit (events.js:191:7)
14 verbose stack     at ChildProcess.<anonymous> (/Users/212474136/.nvm/versions/node/v7.0.0/lib/node_modules/npm/lib/utils/spawn.js:40:14)
14 verbose stack     at emitTwo (events.js:106:13)
14 verbose stack     at ChildProcess.emit (events.js:191:7)
14 verbose stack     at maybeClose (internal/child_process.js:877:16)
14 verbose stack     at Process.ChildProcess._handle.onexit (internal/child_process.js:226:5)
15 verbose pkgid myjadeapp@0.0.0
16 verbose cwd /Users/212474136/Documents/mine/javascript-ref-app/myjadeapp
17 error Darwin 14.3.0
18 error argv "/Users/212474136/.nvm/versions/node/v7.0.0/bin/node" "/Users/212474136/.nvm/versions/node/v7.0.0/bin/npm" "start"
19 error node v7.0.0
20 error npm  v3.10.8
21 error code ELIFECYCLE
22 error myjadeapp@0.0.0 start: `node ./bin/www`
22 error Exit status 1
23 error Failed at the myjadeapp@0.0.0 start script 'node ./bin/www'.
23 error Make sure you have the latest version of node.js and npm installed.
23 error If you do, this is most likely a problem with the myjadeapp package,
23 error not with npm itself.
23 error Tell the author that this fails on your system:
23 error     node ./bin/www
23 error You can get information on how to open an issue for this project with:
23 error     npm bugs myjadeapp
23 error Or if that isn't available, you can get their info via:
23 error     npm owner ls myjadeapp
23 error There is likely additional logging output above.
24 verbose exit [ 1, true ]
